<?xml version="1.0" encoding="UTF-8"?>
<!-- Generated by org.testng.reporters.JUnitReportReporter -->
<testsuite hostname="anh" failures="0" tests="5" name="poly.com.lab8ktnc.CalculatorTest" time="0.009" errors="0" timestamp="2025-04-14T00:15:58 ICT" skipped="0">
  <testcase classname="poly.com.lab8ktnc.CalculatorTest" name="testSubtract" time="0.001"/>
  <testcase classname="poly.com.lab8ktnc.CalculatorTest" name="testDivideByZero" time="0.001"/>
  <testcase classname="poly.com.lab8ktnc.CalculatorTest" name="testMultiply" time="0.001"/>
  <testcase classname="poly.com.lab8ktnc.CalculatorTest" name="testDivide" time="0.001"/>
  <testcase classname="poly.com.lab8ktnc.CalculatorTest" name="testAdd" time="0.005"/>
</testsuite> <!-- poly.com.lab8ktnc.CalculatorTest -->
