<?xml version="1.0" encoding="UTF-8"?>
<!-- Generated by org.testng.reporters.JUnitReportReporter -->
<testsuite hostname="anh" failures="0" tests="4" name="poly.com.lab6" time="31.777" errors="0" timestamp="2025-04-04T19:47:12 ICT" skipped="0">
  <testcase classname="poly.com.lab6" name="testLogin" time="9.472"/>
  <testcase classname="poly.com.lab6" name="testLogin" time="9.287"/>
  <testcase classname="poly.com.lab6" name="testLogin" time="3.574"/>
  <testcase classname="poly.com.lab6" name="testLogin" time="9.444"/>
</testsuite> <!-- poly.com.lab6 -->
