<?xml version="1.0" encoding="UTF-8"?>
<!-- Generated by org.testng.reporters.JUnitReportReporter -->
<testsuite hostname="anh" failures="0" tests="2" name="fpoly.demo2" time="0.002" errors="0" timestamp="2025-03-21T17:04:20 ICT" skipped="0">
  <testcase classname="fpoly.demo2" name="firstTestCase" time="0.001"/>
  <testcase classname="fpoly.demo2" name="secondTestCase" time="0.001"/>
</testsuite> <!-- fpoly.demo2 -->
