<?xml version="1.0" encoding="UTF-8"?>
<!-- Generated by org.testng.reporters.JUnitReportReporter -->
<testsuite hostname="anh" failures="0" tests="4" name="polyb4.testgroups" time="0.006" errors="0" timestamp="2025-03-24T12:40:59 ICT" skipped="0">
  <testcase classname="polyb4.testgroups" name="testCaseThree" time="0.001"/>
  <testcase classname="polyb4.testgroups" name="testCaseOne" time="0.001"/>
  <testcase classname="polyb4.testgroups" name="testCaseTwo" time="0.001"/>
  <testcase classname="polyb4.testgroups" name="testCaseFour" time="0.003"/>
</testsuite> <!-- polyb4.testgroups -->
