<?xml version="1.0" encoding="UTF-8"?>
<!-- Generated by org.testng.reporters.JUnitReportReporter -->
<testsuite hostname="anh" failures="0" tests="2" name="fpoly.demo1" time="0.005" errors="0" timestamp="2025-03-24T12:36:32 ICT" skipped="0">
  <testcase classname="fpoly.demo1" name="secondTestCase" time="0.001"/>
  <testcase classname="fpoly.demo1" name="firstTestCase" time="0.004"/>
</testsuite> <!-- fpoly.demo1 -->
